2026-05-10 22:28:04,659 - root - INFO - Logging initialized. Logs will be saved to logs/app.log and rotated every 7 days.
2026-05-10 22:28:05,159 - app.services.notification_service - INFO - Firebase Admin initialized successfully.
2026-05-10 22:28:05,260 - app.main - INFO - Message cleanup background task starting...
2026-05-10 22:29:56,537 - root - INFO - Logging initialized. Logs will be saved to logs/app.log and rotated every 7 days.
2026-05-10 22:30:04,717 - root - INFO - Logging initialized. Logs will be saved to logs/app.log and rotated every 7 days.
2026-05-10 22:30:05,258 - app.services.notification_service - INFO - Firebase Admin initialized successfully.
2026-05-10 22:30:05,366 - app.main - INFO - Message cleanup background task starting...
2026-05-10 22:30:11,023 - root - INFO - Logging initialized. Logs will be saved to logs/app.log and rotated every 7 days.
2026-05-10 22:30:11,541 - app.services.notification_service - INFO - Firebase Admin initialized successfully.
2026-05-10 22:30:11,644 - app.main - INFO - Message cleanup background task starting...
2026-05-10 22:30:11,665 - app.services.cleanup_service - ERROR - Error during message cleanup: (sqlalchemy.dialects.postgresql.asyncpg.ProgrammingError) <class 'asyncpg.exceptions.UndefinedColumnError'>: column messages.expires_at does not exist
[SQL: SELECT messages.id, messages.sender_id, messages.receiver_id, messages.encrypted_content, messages.message_type, messages.media_url, messages.duration, messages.status, messages.created_at, messages.expires_at 
FROM messages 
WHERE messages.created_at < $1::TIMESTAMP WITH TIME ZONE]
[parameters: (datetime.datetime(2026, 5, 9, 17, 0, 11, 645046, tzinfo=datetime.timezone.utc),)]
(Background on this error at: https://sqlalche.me/e/20/f405)
2026-05-10 22:30:21,252 - root - INFO - Logging initialized. Logs will be saved to logs/app.log and rotated every 7 days.
2026-05-10 22:30:21,747 - app.services.notification_service - INFO - Firebase Admin initialized successfully.
2026-05-10 22:30:21,847 - app.main - INFO - Message cleanup background task starting...
2026-05-10 22:30:21,871 - app.services.cleanup_service - ERROR - Error during message cleanup: (sqlalchemy.dialects.postgresql.asyncpg.ProgrammingError) <class 'asyncpg.exceptions.UndefinedColumnError'>: column messages.expires_at does not exist
[SQL: SELECT messages.id, messages.sender_id, messages.receiver_id, messages.encrypted_content, messages.message_type, messages.media_url, messages.duration, messages.status, messages.created_at, messages.expires_at 
FROM messages 
WHERE messages.created_at < $1::TIMESTAMP WITH TIME ZONE]
[parameters: (datetime.datetime(2026, 5, 9, 17, 0, 21, 848045, tzinfo=datetime.timezone.utc),)]
(Background on this error at: https://sqlalche.me/e/20/f405)
2026-05-10 22:30:27,386 - root - INFO - Logging initialized. Logs will be saved to logs/app.log and rotated every 7 days.
2026-05-10 22:30:27,871 - app.services.notification_service - INFO - Firebase Admin initialized successfully.
2026-05-10 22:30:27,972 - app.main - INFO - Message cleanup background task starting...
2026-05-10 22:30:27,991 - app.services.cleanup_service - ERROR - Error during message cleanup: (sqlalchemy.dialects.postgresql.asyncpg.ProgrammingError) <class 'asyncpg.exceptions.UndefinedColumnError'>: column messages.expires_at does not exist
[SQL: SELECT messages.id, messages.sender_id, messages.receiver_id, messages.encrypted_content, messages.message_type, messages.media_url, messages.duration, messages.status, messages.created_at, messages.expires_at 
FROM messages 
WHERE messages.created_at < $1::TIMESTAMP WITH TIME ZONE]
[parameters: (datetime.datetime(2026, 5, 9, 17, 0, 27, 972536, tzinfo=datetime.timezone.utc),)]
(Background on this error at: https://sqlalche.me/e/20/f405)
2026-05-10 22:30:35,543 - root - INFO - Logging initialized. Logs will be saved to logs/app.log and rotated every 7 days.
2026-05-10 22:30:36,045 - app.services.notification_service - INFO - Firebase Admin initialized successfully.
2026-05-10 22:30:36,143 - app.main - INFO - Message cleanup background task starting...
2026-05-10 22:30:36,156 - app.services.cleanup_service - ERROR - Error during message cleanup: (sqlalchemy.dialects.postgresql.asyncpg.ProgrammingError) <class 'asyncpg.exceptions.UndefinedColumnError'>: column messages.expires_at does not exist
[SQL: SELECT messages.id, messages.sender_id, messages.receiver_id, messages.encrypted_content, messages.message_type, messages.media_url, messages.duration, messages.status, messages.created_at, messages.expires_at 
FROM messages 
WHERE messages.expires_at < $1::TIMESTAMP WITH TIME ZONE OR messages.expires_at IS NULL AND messages.created_at < $2::TIMESTAMP WITH TIME ZONE]
[parameters: (datetime.datetime(2026, 5, 10, 17, 0, 36, 143668, tzinfo=datetime.timezone.utc), datetime.datetime(2026, 5, 9, 17, 0, 36, 143668, tzinfo=datetime.timezone.utc))]
(Background on this error at: https://sqlalche.me/e/20/f405)
2026-05-10 22:30:40,112 - root - INFO - Logging initialized. Logs will be saved to logs/app.log and rotated every 7 days.
2026-05-10 22:30:40,486 - app.services.notification_service - INFO - Firebase Admin initialized successfully.
2026-05-10 22:30:40,565 - app.main - INFO - Message cleanup background task starting...
2026-05-10 22:30:40,581 - app.services.cleanup_service - ERROR - Error during message cleanup: (sqlalchemy.dialects.postgresql.asyncpg.ProgrammingError) <class 'asyncpg.exceptions.UndefinedColumnError'>: column messages.expires_at does not exist
[SQL: SELECT messages.id, messages.sender_id, messages.receiver_id, messages.encrypted_content, messages.message_type, messages.media_url, messages.duration, messages.status, messages.created_at, messages.expires_at 
FROM messages 
WHERE messages.expires_at < $1::TIMESTAMP WITH TIME ZONE OR messages.expires_at IS NULL AND messages.created_at < $2::TIMESTAMP WITH TIME ZONE]
[parameters: (datetime.datetime(2026, 5, 10, 17, 0, 40, 565128, tzinfo=datetime.timezone.utc), datetime.datetime(2026, 5, 9, 17, 0, 40, 565128, tzinfo=datetime.timezone.utc))]
(Background on this error at: https://sqlalche.me/e/20/f405)
2026-05-10 22:34:59,393 - root - INFO - Logging initialized. Logs will be saved to logs/app.log and rotated every 7 days.
2026-05-10 22:35:00,260 - app.services.notification_service - INFO - Firebase Admin initialized successfully.
2026-05-10 22:35:00,383 - app.main - INFO - Message cleanup background task starting...
2026-05-10 22:35:00,425 - app.services.cleanup_service - ERROR - Error during message cleanup: (sqlalchemy.dialects.postgresql.asyncpg.ProgrammingError) <class 'asyncpg.exceptions.UndefinedColumnError'>: column messages.expires_at does not exist
[SQL: SELECT messages.id, messages.sender_id, messages.receiver_id, messages.encrypted_content, messages.message_type, messages.media_url, messages.duration, messages.status, messages.created_at, messages.expires_at 
FROM messages 
WHERE messages.expires_at < $1::TIMESTAMP WITH TIME ZONE OR messages.expires_at IS NULL AND messages.created_at < $2::TIMESTAMP WITH TIME ZONE]
[parameters: (datetime.datetime(2026, 5, 10, 17, 5, 0, 383225, tzinfo=datetime.timezone.utc), datetime.datetime(2026, 5, 9, 17, 5, 0, 383225, tzinfo=datetime.timezone.utc))]
(Background on this error at: https://sqlalche.me/e/20/f405)
2026-05-10 22:35:10,088 - root - INFO - Logging initialized. Logs will be saved to logs/app.log and rotated every 7 days.
2026-05-10 22:35:10,582 - app.services.notification_service - INFO - Firebase Admin initialized successfully.
2026-05-10 22:35:10,690 - app.main - INFO - Message cleanup background task starting...
2026-05-10 22:35:10,711 - app.services.cleanup_service - ERROR - Error during message cleanup: (sqlalchemy.dialects.postgresql.asyncpg.ProgrammingError) <class 'asyncpg.exceptions.UndefinedColumnError'>: column messages.expires_at does not exist
[SQL: SELECT messages.id, messages.sender_id, messages.receiver_id, messages.encrypted_content, messages.message_type, messages.media_url, messages.duration, messages.status, messages.created_at, messages.expires_at 
FROM messages 
WHERE messages.expires_at < $1::TIMESTAMP WITH TIME ZONE OR messages.expires_at IS NULL AND messages.created_at < $2::TIMESTAMP WITH TIME ZONE]
[parameters: (datetime.datetime(2026, 5, 10, 17, 5, 10, 690604, tzinfo=datetime.timezone.utc), datetime.datetime(2026, 5, 9, 17, 5, 10, 690604, tzinfo=datetime.timezone.utc))]
(Background on this error at: https://sqlalche.me/e/20/f405)
2026-05-10 22:36:03,303 - root - INFO - Logging initialized. Logs will be saved to logs/app.log and rotated every 7 days.
2026-05-10 22:36:03,950 - app.services.notification_service - INFO - Firebase Admin initialized successfully.
2026-05-10 22:36:04,055 - app.main - INFO - Message cleanup background task starting...
2026-05-10 22:36:04,075 - app.services.cleanup_service - ERROR - Error during message cleanup: (sqlalchemy.dialects.postgresql.asyncpg.ProgrammingError) <class 'asyncpg.exceptions.UndefinedColumnError'>: column messages.expires_at does not exist
[SQL: SELECT messages.id, messages.sender_id, messages.receiver_id, messages.encrypted_content, messages.message_type, messages.media_url, messages.duration, messages.status, messages.created_at, messages.expires_at 
FROM messages 
WHERE messages.expires_at < $1::TIMESTAMP WITH TIME ZONE OR messages.expires_at IS NULL AND messages.created_at < $2::TIMESTAMP WITH TIME ZONE]
[parameters: (datetime.datetime(2026, 5, 10, 17, 6, 4, 56036, tzinfo=datetime.timezone.utc), datetime.datetime(2026, 5, 9, 17, 6, 4, 56036, tzinfo=datetime.timezone.utc))]
(Background on this error at: https://sqlalche.me/e/20/f405)
2026-05-10 22:36:19,010 - root - INFO - Logging initialized. Logs will be saved to logs/app.log and rotated every 7 days.
2026-05-10 22:36:19,518 - app.services.notification_service - INFO - Firebase Admin initialized successfully.
2026-05-10 22:36:19,668 - app.main - INFO - Database schema auto-update successful
2026-05-10 22:36:19,671 - app.main - INFO - Message cleanup background task starting...
2026-05-10 22:37:49,676 - root - INFO - Logging initialized. Logs will be saved to logs/app.log and rotated every 7 days.
2026-05-10 22:37:50,224 - app.services.notification_service - INFO - Firebase Admin initialized successfully.
2026-05-10 22:37:50,356 - app.main - INFO - Database schema auto-update successful
2026-05-10 22:37:50,358 - app.main - INFO - Message cleanup background task starting...
2026-05-13 11:08:16,447 - root - INFO - Logging initialized. Logs will be saved to logs/app.log and rotated every 7 days.
2026-05-13 11:10:13,611 - root - INFO - Logging initialized. Logs will be saved to logs/app.log and rotated every 7 days.
2026-05-13 11:11:32,438 - root - INFO - Logging initialized. Logs will be saved to logs/app.log and rotated every 7 days.
2026-05-13 11:12:15,064 - root - INFO - Logging initialized. Logs will be saved to logs/app.log and rotated every 7 days.
2026-05-13 11:12:36,782 - root - INFO - Logging initialized. Logs will be saved to logs/app.log and rotated every 7 days.
2026-05-13 11:12:37,032 - app.services.s3_service - WARNING - boto3 is not installed. S3 features will be disabled.
2026-05-13 11:14:12,821 - root - INFO - Logging initialized. Logs will be saved to logs/app.log and rotated every 7 days.
2026-05-13 11:14:13,090 - app.services.s3_service - WARNING - boto3 is not installed. S3 features will be disabled.
2026-05-13 11:14:13,097 - app.services.notification_service - WARNING - firebase-admin is not installed. Push notifications will be disabled.
2026-05-13 11:14:34,192 - root - INFO - Logging initialized. Logs will be saved to logs/app.log and rotated every 7 days.
2026-05-13 11:14:34,430 - app.services.s3_service - WARNING - boto3 is not installed. S3 features will be disabled.
2026-05-13 11:14:34,435 - app.services.notification_service - WARNING - firebase-admin is not installed. Push notifications will be disabled.
2026-05-13 11:14:34,475 - app.main - WARNING - sqladmin is not installed. Admin interface will be disabled.
2026-05-13 11:14:34,499 - app.main - WARNING - Database schema auto-update warning: [Errno 1] Operation not permitted
2026-05-13 11:14:34,501 - app.main - INFO - Message cleanup background task starting...
2026-05-13 11:14:34,502 - asyncio - ERROR - Task exception was never retrieved
future: <Task finished name='Task-3' coro=<ConnectionManager.listen_redis() done, defined at /Users/krishnaprasadr/Chat App/Chat-App-1-1/app/websocket/connection_manager.py:97> exception=network:ConnectionError>
Traceback (most recent call last):
  File "/Users/krishnaprasadr/Chat App/Chat-App-1-1/.venv/lib/python3.14/site-packages/redis/asyncio/connection.py", line 371, in connect_check_health
    await self._connect()
  File "/Users/krishnaprasadr/Chat App/Chat-App-1-1/.venv/lib/python3.14/site-packages/redis/asyncio/connection.py", line 895, in _connect
    reader, writer = await asyncio.open_connection(
                     ^^^^^^^^^^^^^^^^^^^^^^^^^^^^^^
        **self._connection_arguments()
        ^^^^^^^^^^^^^^^^^^^^^^^^^^^^^^
    )
    ^
  File "/opt/homebrew/Cellar/python@3.14/3.14.4/Frameworks/Python.framework/Versions/3.14/lib/python3.14/asyncio/streams.py", line 48, in open_connection
    transport, _ = await loop.create_connection(
                   ^^^^^^^^^^^^^^^^^^^^^^^^^^^^^
        lambda: protocol, host, port, **kwds)
        ^^^^^^^^^^^^^^^^^^^^^^^^^^^^^^^^^^^^^
  File "uvloop/loop.pyx", line 2043, in create_connection
  File "uvloop/loop.pyx", line 2019, in uvloop.loop.Loop.create_connection
    tr.connect(rai_iter.ai_addr)
  File "uvloop/handles/tcp.pyx", line 182, in uvloop.loop.TCPTransport.connect
  File "uvloop/handles/tcp.pyx", line 204, in uvloop.loop._TCPConnectRequest.connect
    raise exc
PermissionError: [Errno 1] Operation not permitted

During handling of the above exception, another exception occurred:

Traceback (most recent call last):
  File "/Users/krishnaprasadr/Chat App/Chat-App-1-1/app/websocket/connection_manager.py", line 99, in listen_redis
    await pubsub.psubscribe("user_channel:*")
  File "/Users/krishnaprasadr/Chat App/Chat-App-1-1/.venv/lib/python3.14/site-packages/redis/asyncio/client.py", line 1244, in psubscribe
    ret_val = await self.execute_command("PSUBSCRIBE", *new_patterns.keys())
              ^^^^^^^^^^^^^^^^^^^^^^^^^^^^^^^^^^^^^^^^^^^^^^^^^^^^^^^^^^^^^^
  File "/Users/krishnaprasadr/Chat App/Chat-App-1-1/.venv/lib/python3.14/site-packages/redis/asyncio/client.py", line 1069, in execute_command
    await self.connect()
  File "/Users/krishnaprasadr/Chat App/Chat-App-1-1/.venv/lib/python3.14/site-packages/redis/asyncio/client.py", line 1079, in connect
    self.connection = await self.connection_pool.get_connection()
                      ^^^^^^^^^^^^^^^^^^^^^^^^^^^^^^^^^^^^^^^^^^^
  File "/Users/krishnaprasadr/Chat App/Chat-App-1-1/.venv/lib/python3.14/site-packages/redis/utils.py", line 227, in async_wrapper
    return await func(*args, **kwargs)
           ^^^^^^^^^^^^^^^^^^^^^^^^^^^
  File "/Users/krishnaprasadr/Chat App/Chat-App-1-1/.venv/lib/python3.14/site-packages/redis/asyncio/connection.py", line 1448, in get_connection
    await self.ensure_connection(connection)
  File "/Users/krishnaprasadr/Chat App/Chat-App-1-1/.venv/lib/python3.14/site-packages/redis/asyncio/connection.py", line 1489, in ensure_connection
    await connection.connect()
  File "/Users/krishnaprasadr/Chat App/Chat-App-1-1/.venv/lib/python3.14/site-packages/redis/asyncio/connection.py", line 340, in connect
    await self.retry.call_with_retry(
    ...<7 lines>...
    )
  File "/Users/krishnaprasadr/Chat App/Chat-App-1-1/.venv/lib/python3.14/site-packages/redis/asyncio/retry.py", line 81, in call_with_retry
    raise error
  File "/Users/krishnaprasadr/Chat App/Chat-App-1-1/.venv/lib/python3.14/site-packages/redis/asyncio/retry.py", line 69, in call_with_retry
    return await do()
           ^^^^^^^^^^
  File "/Users/krishnaprasadr/Chat App/Chat-App-1-1/.venv/lib/python3.14/site-packages/redis/asyncio/connection.py", line 397, in connect_check_health
    raise e
redis.exceptions.ConnectionError: Error 1 connecting to localhost:6379. Operation not permitted.
2026-05-13 11:14:34,506 - app.services.cleanup_service - ERROR - Error during message cleanup: [Errno 1] Operation not permitted
2026-05-13 11:15:16,186 - root - INFO - Logging initialized. Logs will be saved to logs/app.log and rotated every 7 days.
2026-05-13 11:15:16,437 - app.services.s3_service - WARNING - boto3 is not installed. S3 features will be disabled.
2026-05-13 11:15:16,442 - app.services.notification_service - WARNING - firebase-admin is not installed. Push notifications will be disabled.
2026-05-13 11:15:16,486 - app.main - WARNING - sqladmin is not installed. Admin interface will be disabled.
2026-05-13 11:15:16,517 - app.main - WARNING - Database schema auto-update warning: role "postgres" does not exist
2026-05-13 11:15:16,519 - app.main - INFO - Message cleanup background task starting...
2026-05-13 11:15:16,532 - app.services.cleanup_service - ERROR - Error during message cleanup: role "postgres" does not exist
2026-05-13 11:19:51,589 - root - INFO - Logging initialized. Logs will be saved to logs/app.log and rotated every 7 days.
2026-05-13 11:19:51,916 - app.services.s3_service - WARNING - boto3 is not installed. S3 features will be disabled.
2026-05-13 11:19:51,922 - app.services.notification_service - WARNING - firebase-admin is not installed. Push notifications will be disabled.
2026-05-13 11:19:51,964 - app.main - WARNING - sqladmin is not installed. Admin interface will be disabled.
2026-05-13 11:19:51,995 - app.main - WARNING - Database schema auto-update warning: role "postgres" does not exist
2026-05-13 11:19:51,996 - app.main - INFO - Message cleanup background task starting...
2026-05-13 11:19:52,000 - app.services.cleanup_service - ERROR - Error during message cleanup: role "postgres" does not exist
2026-05-13 11:22:20,171 - root - INFO - Logging initialized. Logs will be saved to logs/app.log and rotated every 7 days.
2026-05-13 11:22:20,434 - app.services.s3_service - WARNING - boto3 is not installed. S3 features will be disabled.
2026-05-13 11:22:20,440 - app.services.notification_service - WARNING - firebase-admin is not installed. Push notifications will be disabled.
2026-05-13 11:22:20,482 - app.main - WARNING - sqladmin is not installed. Admin interface will be disabled.
2026-05-13 11:22:20,506 - app.main - WARNING - Database schema auto-update warning: role "postgres" does not exist
2026-05-13 11:22:20,507 - app.main - INFO - Message cleanup background task starting...
2026-05-13 11:22:20,523 - app.services.cleanup_service - ERROR - Error during message cleanup: role "postgres" does not exist
2026-05-13 11:22:43,758 - app.main - INFO - HTTP GET / - Status: 200 - Duration: 0.00s
2026-05-13 11:22:43,858 - app.main - INFO - HTTP GET /favicon.ico - Status: 404 - Duration: 0.00s
2026-05-13 11:22:48,751 - app.main - INFO - HTTP GET /docs - Status: 200 - Duration: 0.00s
2026-05-13 11:22:49,711 - app.main - INFO - HTTP GET /openapi.json - Status: 200 - Duration: 0.05s
2026-05-13 11:24:25,591 - root - INFO - Logging initialized. Logs will be saved to logs/app.log and rotated every 7 days.
2026-05-13 11:24:25,883 - app.services.s3_service - WARNING - boto3 is not installed. S3 features will be disabled.
2026-05-13 11:24:25,889 - app.services.notification_service - WARNING - firebase-admin is not installed. Push notifications will be disabled.
2026-05-13 11:24:25,938 - app.main - WARNING - sqladmin is not installed. Admin interface will be disabled.
2026-05-13 11:24:25,954 - app.main - WARNING - Database schema auto-update warning: [Errno 1] Operation not permitted
2026-05-13 11:24:25,955 - app.main - INFO - Message cleanup background task starting...
2026-05-13 11:24:25,956 - asyncio - ERROR - Task exception was never retrieved
future: <Task finished name='Task-3' coro=<ConnectionManager.listen_redis() done, defined at /Users/krishnaprasadr/Chat App/Chat-App-1-1/app/websocket/connection_manager.py:97> exception=network:ConnectionError>
Traceback (most recent call last):
  File "/Users/krishnaprasadr/Chat App/Chat-App-1-1/.venv/lib/python3.14/site-packages/redis/asyncio/connection.py", line 371, in connect_check_health
    await self._connect()
  File "/Users/krishnaprasadr/Chat App/Chat-App-1-1/.venv/lib/python3.14/site-packages/redis/asyncio/connection.py", line 895, in _connect
    reader, writer = await asyncio.open_connection(
                     ^^^^^^^^^^^^^^^^^^^^^^^^^^^^^^
        **self._connection_arguments()
        ^^^^^^^^^^^^^^^^^^^^^^^^^^^^^^
    )
    ^
  File "/opt/homebrew/Cellar/python@3.14/3.14.4/Frameworks/Python.framework/Versions/3.14/lib/python3.14/asyncio/streams.py", line 48, in open_connection
    transport, _ = await loop.create_connection(
                   ^^^^^^^^^^^^^^^^^^^^^^^^^^^^^
        lambda: protocol, host, port, **kwds)
        ^^^^^^^^^^^^^^^^^^^^^^^^^^^^^^^^^^^^^
  File "uvloop/loop.pyx", line 2043, in create_connection
  File "uvloop/loop.pyx", line 2019, in uvloop.loop.Loop.create_connection
    tr.connect(rai_iter.ai_addr)
  File "uvloop/handles/tcp.pyx", line 182, in uvloop.loop.TCPTransport.connect
  File "uvloop/handles/tcp.pyx", line 204, in uvloop.loop._TCPConnectRequest.connect
    raise exc
PermissionError: [Errno 1] Operation not permitted

During handling of the above exception, another exception occurred:

Traceback (most recent call last):
  File "/Users/krishnaprasadr/Chat App/Chat-App-1-1/app/websocket/connection_manager.py", line 99, in listen_redis
    await pubsub.psubscribe("user_channel:*")
  File "/Users/krishnaprasadr/Chat App/Chat-App-1-1/.venv/lib/python3.14/site-packages/redis/asyncio/client.py", line 1244, in psubscribe
    ret_val = await self.execute_command("PSUBSCRIBE", *new_patterns.keys())
              ^^^^^^^^^^^^^^^^^^^^^^^^^^^^^^^^^^^^^^^^^^^^^^^^^^^^^^^^^^^^^^
  File "/Users/krishnaprasadr/Chat App/Chat-App-1-1/.venv/lib/python3.14/site-packages/redis/asyncio/client.py", line 1069, in execute_command
    await self.connect()
  File "/Users/krishnaprasadr/Chat App/Chat-App-1-1/.venv/lib/python3.14/site-packages/redis/asyncio/client.py", line 1079, in connect
    self.connection = await self.connection_pool.get_connection()
                      ^^^^^^^^^^^^^^^^^^^^^^^^^^^^^^^^^^^^^^^^^^^
  File "/Users/krishnaprasadr/Chat App/Chat-App-1-1/.venv/lib/python3.14/site-packages/redis/utils.py", line 227, in async_wrapper
    return await func(*args, **kwargs)
           ^^^^^^^^^^^^^^^^^^^^^^^^^^^
  File "/Users/krishnaprasadr/Chat App/Chat-App-1-1/.venv/lib/python3.14/site-packages/redis/asyncio/connection.py", line 1448, in get_connection
    await self.ensure_connection(connection)
  File "/Users/krishnaprasadr/Chat App/Chat-App-1-1/.venv/lib/python3.14/site-packages/redis/asyncio/connection.py", line 1489, in ensure_connection
    await connection.connect()
  File "/Users/krishnaprasadr/Chat App/Chat-App-1-1/.venv/lib/python3.14/site-packages/redis/asyncio/connection.py", line 340, in connect
    await self.retry.call_with_retry(
    ...<7 lines>...
    )
  File "/Users/krishnaprasadr/Chat App/Chat-App-1-1/.venv/lib/python3.14/site-packages/redis/asyncio/retry.py", line 81, in call_with_retry
    raise error
  File "/Users/krishnaprasadr/Chat App/Chat-App-1-1/.venv/lib/python3.14/site-packages/redis/asyncio/retry.py", line 69, in call_with_retry
    return await do()
           ^^^^^^^^^^
  File "/Users/krishnaprasadr/Chat App/Chat-App-1-1/.venv/lib/python3.14/site-packages/redis/asyncio/connection.py", line 397, in connect_check_health
    raise e
redis.exceptions.ConnectionError: Error 1 connecting to localhost:6379. Operation not permitted.
2026-05-13 11:24:25,960 - app.services.cleanup_service - ERROR - Error during message cleanup: [Errno 1] Operation not permitted
2026-05-13 11:24:55,720 - root - INFO - Logging initialized. Logs will be saved to logs/app.log and rotated every 7 days.
2026-05-13 11:24:55,930 - app.services.s3_service - WARNING - boto3 is not installed. S3 features will be disabled.
2026-05-13 11:24:55,935 - app.services.notification_service - WARNING - firebase-admin is not installed. Push notifications will be disabled.
2026-05-13 11:24:55,973 - app.main - WARNING - sqladmin is not installed. Admin interface will be disabled.
2026-05-13 11:24:56,045 - app.main - INFO - Database schema auto-update successful
2026-05-13 11:24:56,048 - app.main - INFO - Message cleanup background task starting...
2026-05-13 11:24:56,066 - app.services.cleanup_service - INFO - Starting cleanup for 16 expired messages.
2026-05-13 11:24:56,066 - app.services.s3_service - ERROR - Unexpected S3 Delete Error: 'NoneType' object has no attribute 'delete_object'
2026-05-13 11:24:56,066 - app.services.s3_service - ERROR - Unexpected S3 Delete Error: 'NoneType' object has no attribute 'delete_object'
2026-05-13 11:24:56,066 - app.services.s3_service - ERROR - Unexpected S3 Delete Error: 'NoneType' object has no attribute 'delete_object'
2026-05-13 11:24:56,073 - app.services.cleanup_service - INFO - Successfully cleaned up 16 messages.
2026-05-13 11:25:05,180 - app.main - INFO - HTTP POST /auth/login - Status: 401 - Duration: 0.27s
2026-05-13 11:25:15,332 - app.main - INFO - HTTP POST /auth/login - Status: 200 - Duration: 0.27s
